[02:23:42] {main.py:18} INFO - ___________NEW RUN STARTING___________
[02:23:42] {main.py:19} INFO - Code started at: 2022-01-30 02:23:42.233135
[02:23:42] {/opt/virtualenvs/python3/lib/python3.8/site-packages/urllib3/connectionpool.py:971} DEBUG - Starting new HTTPS connection (1): dumbot.drdum.repl.co:443
[02:23:44] {/opt/virtualenvs/python3/lib/python3.8/site-packages/urllib3/connectionpool.py:452} DEBUG - https://dumbot.drdum.repl.co:443 "GET / HTTP/1.1" 200 17
[02:23:44] {/home/runner/DumBot/keep_alive.py:27} INFO - Status code: 200
[02:23:44] {/opt/virtualenvs/python3/lib/python3.8/site-packages/urllib3/util/retry.py:333} DEBUG - Converted retries value: 3 -> Retry(total=3, connect=None, read=None, redirect=None, status=None)
[02:23:44] {/opt/virtualenvs/python3/lib/python3.8/site-packages/google/auth/transport/requests.py:177} DEBUG - Making request: POST https://oauth2.googleapis.com/token
[02:23:44] {/opt/virtualenvs/python3/lib/python3.8/site-packages/urllib3/connectionpool.py:971} DEBUG - Starting new HTTPS connection (1): oauth2.googleapis.com:443
[02:23:44] {/opt/virtualenvs/python3/lib/python3.8/site-packages/urllib3/connectionpool.py:452} DEBUG - https://oauth2.googleapis.com:443 "POST /token HTTP/1.1" 200 None
[02:23:44] {/opt/virtualenvs/python3/lib/python3.8/site-packages/urllib3/connectionpool.py:971} DEBUG - Starting new HTTPS connection (1): www.googleapis.com:443
[02:23:44] {/opt/virtualenvs/python3/lib/python3.8/site-packages/urllib3/connectionpool.py:452} DEBUG - https://www.googleapis.com:443 "GET /drive/v3/files?q=mimeType%3D%22application%2Fvnd.google-apps.spreadsheet%22+and+name+%3D+%22BotCommands%22&pageSize=1000&supportsAllDrives=True&includeItemsFromAllDrives=True&fields=kind%2CnextPageToken%2Cfiles%28id%2Cname%2CcreatedTime%2CmodifiedTime%29 HTTP/1.1" 200 None
[02:23:44] {/opt/virtualenvs/python3/lib/python3.8/site-packages/urllib3/connectionpool.py:971} DEBUG - Starting new HTTPS connection (1): sheets.googleapis.com:443
[02:23:45] {/opt/virtualenvs/python3/lib/python3.8/site-packages/urllib3/connectionpool.py:452} DEBUG - https://sheets.googleapis.com:443 "GET /v4/spreadsheets/1xnge6_LQcF-1k0IiOaAihtzMWHec8g79egVEHZJEjj4?includeGridData=false HTTP/1.1" 200 None
[02:23:46] {/opt/virtualenvs/python3/lib/python3.8/site-packages/urllib3/connectionpool.py:452} DEBUG - https://sheets.googleapis.com:443 "GET /v4/spreadsheets/1xnge6_LQcF-1k0IiOaAihtzMWHec8g79egVEHZJEjj4/values/%27Sheet1%27 HTTP/1.1" 200 None
[02:23:46] {/usr/lib/python3.8/asyncio/selector_events.py:59} DEBUG - Using selector: EpollSelector
[02:23:46] {/opt/virtualenvs/python3/lib/python3.8/site-packages/discord/client.py:257} WARNING - PyNaCl is not installed, voice will NOT be supported
[02:23:46] {/opt/virtualenvs/python3/lib/python3.8/site-packages/discord/client.py:1018} DEBUG - on_ready has successfully been registered as an event
[02:23:46] {/opt/virtualenvs/python3/lib/python3.8/site-packages/discord/client.py:1018} DEBUG - on_message has successfully been registered as an event
[02:23:46] {/opt/virtualenvs/python3/lib/python3.8/site-packages/discord/client.py:510} INFO - logging in using static token
[02:23:46] {/opt/virtualenvs/python3/lib/python3.8/site-packages/discord/http.py:193} DEBUG - GET https://discord.com/api/v7/users/@me with None has returned 429
[02:23:46] {/opt/virtualenvs/python3/lib/python3.8/site-packages/discord/client.py:718} INFO - Cleaning up tasks.
[02:23:46] {/opt/virtualenvs/python3/lib/python3.8/site-packages/discord/client.py:94} INFO - Closing the event loop.
[02:27:32] {/opt/virtualenvs/python3/lib/python3.8/site-packages/urllib3/connectionpool.py:971} DEBUG - Starting new HTTPS connection (1): dumbot.drdum.repl.co:443
[02:27:32] {/opt/virtualenvs/python3/lib/python3.8/site-packages/urllib3/connectionpool.py:452} DEBUG - https://dumbot.drdum.repl.co:443 "GET / HTTP/1.1" 200 17
[02:27:32] {/home/runner/DumBot/keep_alive.py:27} INFO - Status code: 200
