[17:41:14] {main.py:18} INFO - ___________NEW RUN STARTING___________
[17:41:14] {main.py:19} INFO - Code started at: 2022-01-29 17:41:14.111378
[17:41:14] {/opt/virtualenvs/python3/lib/python3.8/site-packages/urllib3/connectionpool.py:971} DEBUG - Starting new HTTPS connection (1): dumbot.drdum.repl.co:443
[17:41:14] {/opt/virtualenvs/python3/lib/python3.8/site-packages/urllib3/connectionpool.py:452} DEBUG - https://dumbot.drdum.repl.co:443 "GET / HTTP/1.1" 200 17
[17:41:14] {/home/runner/DumBot/keep_alive.py:27} INFO - Status code: 200
[17:41:14] {/opt/virtualenvs/python3/lib/python3.8/site-packages/urllib3/util/retry.py:333} DEBUG - Converted retries value: 3 -> Retry(total=3, connect=None, read=None, redirect=None, status=None)
[17:41:14] {/opt/virtualenvs/python3/lib/python3.8/site-packages/google/auth/transport/requests.py:177} DEBUG - Making request: POST https://oauth2.googleapis.com/token
[17:41:14] {/opt/virtualenvs/python3/lib/python3.8/site-packages/urllib3/connectionpool.py:971} DEBUG - Starting new HTTPS connection (1): oauth2.googleapis.com:443
[17:41:14] {/opt/virtualenvs/python3/lib/python3.8/site-packages/urllib3/connectionpool.py:452} DEBUG - https://oauth2.googleapis.com:443 "POST /token HTTP/1.1" 200 None
[17:41:14] {/opt/virtualenvs/python3/lib/python3.8/site-packages/urllib3/connectionpool.py:971} DEBUG - Starting new HTTPS connection (1): www.googleapis.com:443
[17:41:15] {/opt/virtualenvs/python3/lib/python3.8/site-packages/urllib3/connectionpool.py:452} DEBUG - https://www.googleapis.com:443 "GET /drive/v3/files?q=mimeType%3D%22application%2Fvnd.google-apps.spreadsheet%22+and+name+%3D+%22BotCommands%22&pageSize=1000&supportsAllDrives=True&includeItemsFromAllDrives=True&fields=kind%2CnextPageToken%2Cfiles%28id%2Cname%2CcreatedTime%2CmodifiedTime%29 HTTP/1.1" 200 None
[17:41:15] {/opt/virtualenvs/python3/lib/python3.8/site-packages/urllib3/connectionpool.py:971} DEBUG - Starting new HTTPS connection (1): sheets.googleapis.com:443
[17:41:15] {/opt/virtualenvs/python3/lib/python3.8/site-packages/urllib3/connectionpool.py:452} DEBUG - https://sheets.googleapis.com:443 "GET /v4/spreadsheets/1xnge6_LQcF-1k0IiOaAihtzMWHec8g79egVEHZJEjj4?includeGridData=false HTTP/1.1" 200 None
[17:41:16] {/opt/virtualenvs/python3/lib/python3.8/site-packages/urllib3/connectionpool.py:452} DEBUG - https://sheets.googleapis.com:443 "GET /v4/spreadsheets/1xnge6_LQcF-1k0IiOaAihtzMWHec8g79egVEHZJEjj4/values/%27Sheet1%27 HTTP/1.1" 200 None
[17:41:16] {/usr/lib/python3.8/asyncio/selector_events.py:59} DEBUG - Using selector: EpollSelector
[17:41:16] {/opt/virtualenvs/python3/lib/python3.8/site-packages/discord/client.py:257} WARNING - PyNaCl is not installed, voice will NOT be supported
[17:41:16] {/opt/virtualenvs/python3/lib/python3.8/site-packages/discord/client.py:1018} DEBUG - on_ready has successfully been registered as an event
[17:41:16] {/opt/virtualenvs/python3/lib/python3.8/site-packages/discord/client.py:1018} DEBUG - on_message has successfully been registered as an event
[17:41:16] {/opt/virtualenvs/python3/lib/python3.8/site-packages/discord/client.py:510} INFO - logging in using static token
[17:41:16] {/opt/virtualenvs/python3/lib/python3.8/site-packages/discord/http.py:193} DEBUG - GET https://discord.com/api/v7/users/@me with None has returned 429
[17:41:16] {/opt/virtualenvs/python3/lib/python3.8/site-packages/discord/client.py:718} INFO - Cleaning up tasks.
[17:41:16] {/opt/virtualenvs/python3/lib/python3.8/site-packages/discord/client.py:94} INFO - Closing the event loop.
[17:45:03] {/opt/virtualenvs/python3/lib/python3.8/site-packages/urllib3/connectionpool.py:971} DEBUG - Starting new HTTPS connection (1): dumbot.drdum.repl.co:443
[17:45:03] {/opt/virtualenvs/python3/lib/python3.8/site-packages/urllib3/connectionpool.py:452} DEBUG - https://dumbot.drdum.repl.co:443 "GET / HTTP/1.1" 200 17
[17:45:03] {/home/runner/DumBot/keep_alive.py:27} INFO - Status code: 200
[17:49:21] {/opt/virtualenvs/python3/lib/python3.8/site-packages/urllib3/connectionpool.py:971} DEBUG - Starting new HTTPS connection (1): dumbot.drdum.repl.co:443
[17:49:21] {/opt/virtualenvs/python3/lib/python3.8/site-packages/urllib3/connectionpool.py:452} DEBUG - https://dumbot.drdum.repl.co:443 "GET / HTTP/1.1" 200 17
[17:49:21] {/home/runner/DumBot/keep_alive.py:27} INFO - Status code: 200
[17:52:31] {/opt/virtualenvs/python3/lib/python3.8/site-packages/urllib3/connectionpool.py:971} DEBUG - Starting new HTTPS connection (1): dumbot.drdum.repl.co:443
[17:52:31] {/opt/virtualenvs/python3/lib/python3.8/site-packages/urllib3/connectionpool.py:452} DEBUG - https://dumbot.drdum.repl.co:443 "GET / HTTP/1.1" 200 17
[17:52:31] {/home/runner/DumBot/keep_alive.py:27} INFO - Status code: 200
[17:56:58] {/opt/virtualenvs/python3/lib/python3.8/site-packages/urllib3/connectionpool.py:971} DEBUG - Starting new HTTPS connection (1): dumbot.drdum.repl.co:443
[17:56:58] {/opt/virtualenvs/python3/lib/python3.8/site-packages/urllib3/connectionpool.py:452} DEBUG - https://dumbot.drdum.repl.co:443 "GET / HTTP/1.1" 200 17
[17:56:58] {/home/runner/DumBot/keep_alive.py:27} INFO - Status code: 200
[18:00:24] {/opt/virtualenvs/python3/lib/python3.8/site-packages/urllib3/connectionpool.py:971} DEBUG - Starting new HTTPS connection (1): dumbot.drdum.repl.co:443
[18:00:24] {/opt/virtualenvs/python3/lib/python3.8/site-packages/urllib3/connectionpool.py:452} DEBUG - https://dumbot.drdum.repl.co:443 "GET / HTTP/1.1" 200 17
[18:00:24] {/home/runner/DumBot/keep_alive.py:27} INFO - Status code: 200
[18:03:58] {/opt/virtualenvs/python3/lib/python3.8/site-packages/urllib3/connectionpool.py:971} DEBUG - Starting new HTTPS connection (1): dumbot.drdum.repl.co:443
[18:03:59] {/opt/virtualenvs/python3/lib/python3.8/site-packages/urllib3/connectionpool.py:452} DEBUG - https://dumbot.drdum.repl.co:443 "GET / HTTP/1.1" 200 17
[18:03:59] {/home/runner/DumBot/keep_alive.py:27} INFO - Status code: 200
[18:07:45] {/opt/virtualenvs/python3/lib/python3.8/site-packages/urllib3/connectionpool.py:971} DEBUG - Starting new HTTPS connection (1): dumbot.drdum.repl.co:443
[18:07:45] {/opt/virtualenvs/python3/lib/python3.8/site-packages/urllib3/connectionpool.py:452} DEBUG - https://dumbot.drdum.repl.co:443 "GET / HTTP/1.1" 200 17
[18:07:45] {/home/runner/DumBot/keep_alive.py:27} INFO - Status code: 200
[18:11:55] {/opt/virtualenvs/python3/lib/python3.8/site-packages/urllib3/connectionpool.py:971} DEBUG - Starting new HTTPS connection (1): dumbot.drdum.repl.co:443
[18:11:55] {/opt/virtualenvs/python3/lib/python3.8/site-packages/urllib3/connectionpool.py:452} DEBUG - https://dumbot.drdum.repl.co:443 "GET / HTTP/1.1" 200 17
[18:11:55] {/home/runner/DumBot/keep_alive.py:27} INFO - Status code: 200
[18:16:37] {/opt/virtualenvs/python3/lib/python3.8/site-packages/urllib3/connectionpool.py:971} DEBUG - Starting new HTTPS connection (1): dumbot.drdum.repl.co:443
[18:16:37] {/opt/virtualenvs/python3/lib/python3.8/site-packages/urllib3/connectionpool.py:452} DEBUG - https://dumbot.drdum.repl.co:443 "GET / HTTP/1.1" 200 17
[18:16:37] {/home/runner/DumBot/keep_alive.py:27} INFO - Status code: 200
[18:21:06] {/opt/virtualenvs/python3/lib/python3.8/site-packages/urllib3/connectionpool.py:971} DEBUG - Starting new HTTPS connection (1): dumbot.drdum.repl.co:443
[18:21:06] {/opt/virtualenvs/python3/lib/python3.8/site-packages/urllib3/connectionpool.py:452} DEBUG - https://dumbot.drdum.repl.co:443 "GET / HTTP/1.1" 200 17
[18:21:06] {/home/runner/DumBot/keep_alive.py:27} INFO - Status code: 200
[18:25:04] {/opt/virtualenvs/python3/lib/python3.8/site-packages/urllib3/connectionpool.py:971} DEBUG - Starting new HTTPS connection (1): dumbot.drdum.repl.co:443
[18:25:04] {/opt/virtualenvs/python3/lib/python3.8/site-packages/urllib3/connectionpool.py:452} DEBUG - https://dumbot.drdum.repl.co:443 "GET / HTTP/1.1" 200 17
[18:25:04] {/home/runner/DumBot/keep_alive.py:27} INFO - Status code: 200
[18:29:28] {/opt/virtualenvs/python3/lib/python3.8/site-packages/urllib3/connectionpool.py:971} DEBUG - Starting new HTTPS connection (1): dumbot.drdum.repl.co:443
[18:29:28] {/opt/virtualenvs/python3/lib/python3.8/site-packages/urllib3/connectionpool.py:452} DEBUG - https://dumbot.drdum.repl.co:443 "GET / HTTP/1.1" 200 17
[18:29:28] {/home/runner/DumBot/keep_alive.py:27} INFO - Status code: 200
[18:34:09] {/opt/virtualenvs/python3/lib/python3.8/site-packages/urllib3/connectionpool.py:971} DEBUG - Starting new HTTPS connection (1): dumbot.drdum.repl.co:443
[18:34:09] {/opt/virtualenvs/python3/lib/python3.8/site-packages/urllib3/connectionpool.py:452} DEBUG - https://dumbot.drdum.repl.co:443 "GET / HTTP/1.1" 200 17
[18:34:09] {/home/runner/DumBot/keep_alive.py:27} INFO - Status code: 200
[18:37:26] {/opt/virtualenvs/python3/lib/python3.8/site-packages/urllib3/connectionpool.py:971} DEBUG - Starting new HTTPS connection (1): dumbot.drdum.repl.co:443
[18:37:26] {/opt/virtualenvs/python3/lib/python3.8/site-packages/urllib3/connectionpool.py:452} DEBUG - https://dumbot.drdum.repl.co:443 "GET / HTTP/1.1" 200 17
[18:37:26] {/home/runner/DumBot/keep_alive.py:27} INFO - Status code: 200
[18:41:31] {/opt/virtualenvs/python3/lib/python3.8/site-packages/urllib3/connectionpool.py:971} DEBUG - Starting new HTTPS connection (1): dumbot.drdum.repl.co:443
[18:41:31] {/opt/virtualenvs/python3/lib/python3.8/site-packages/urllib3/connectionpool.py:452} DEBUG - https://dumbot.drdum.repl.co:443 "GET / HTTP/1.1" 200 17
[18:41:31] {/home/runner/DumBot/keep_alive.py:27} INFO - Status code: 200
[18:45:32] {/opt/virtualenvs/python3/lib/python3.8/site-packages/urllib3/connectionpool.py:971} DEBUG - Starting new HTTPS connection (1): dumbot.drdum.repl.co:443
[18:45:32] {/opt/virtualenvs/python3/lib/python3.8/site-packages/urllib3/connectionpool.py:452} DEBUG - https://dumbot.drdum.repl.co:443 "GET / HTTP/1.1" 200 17
[18:45:32] {/home/runner/DumBot/keep_alive.py:27} INFO - Status code: 200
[18:49:39] {/opt/virtualenvs/python3/lib/python3.8/site-packages/urllib3/connectionpool.py:971} DEBUG - Starting new HTTPS connection (1): dumbot.drdum.repl.co:443
[18:49:39] {/opt/virtualenvs/python3/lib/python3.8/site-packages/urllib3/connectionpool.py:452} DEBUG - https://dumbot.drdum.repl.co:443 "GET / HTTP/1.1" 200 17
[18:49:39] {/home/runner/DumBot/keep_alive.py:27} INFO - Status code: 200
[18:53:05] {/opt/virtualenvs/python3/lib/python3.8/site-packages/urllib3/connectionpool.py:971} DEBUG - Starting new HTTPS connection (1): dumbot.drdum.repl.co:443
[18:53:05] {/opt/virtualenvs/python3/lib/python3.8/site-packages/urllib3/connectionpool.py:452} DEBUG - https://dumbot.drdum.repl.co:443 "GET / HTTP/1.1" 200 17
[18:53:05] {/home/runner/DumBot/keep_alive.py:27} INFO - Status code: 200
[18:56:45] {/opt/virtualenvs/python3/lib/python3.8/site-packages/urllib3/connectionpool.py:971} DEBUG - Starting new HTTPS connection (1): dumbot.drdum.repl.co:443
[18:56:45] {/opt/virtualenvs/python3/lib/python3.8/site-packages/urllib3/connectionpool.py:452} DEBUG - https://dumbot.drdum.repl.co:443 "GET / HTTP/1.1" 200 17
[18:56:45] {/home/runner/DumBot/keep_alive.py:27} INFO - Status code: 200
[19:01:28] {/opt/virtualenvs/python3/lib/python3.8/site-packages/urllib3/connectionpool.py:971} DEBUG - Starting new HTTPS connection (1): dumbot.drdum.repl.co:443
[19:01:29] {/opt/virtualenvs/python3/lib/python3.8/site-packages/urllib3/connectionpool.py:452} DEBUG - https://dumbot.drdum.repl.co:443 "GET / HTTP/1.1" 200 17
[19:01:29] {/home/runner/DumBot/keep_alive.py:27} INFO - Status code: 200
[19:04:42] {/opt/virtualenvs/python3/lib/python3.8/site-packages/urllib3/connectionpool.py:971} DEBUG - Starting new HTTPS connection (1): dumbot.drdum.repl.co:443
[19:04:42] {/opt/virtualenvs/python3/lib/python3.8/site-packages/urllib3/connectionpool.py:452} DEBUG - https://dumbot.drdum.repl.co:443 "GET / HTTP/1.1" 200 17
[19:04:42] {/home/runner/DumBot/keep_alive.py:27} INFO - Status code: 200
[19:09:07] {/opt/virtualenvs/python3/lib/python3.8/site-packages/urllib3/connectionpool.py:971} DEBUG - Starting new HTTPS connection (1): dumbot.drdum.repl.co:443
[19:09:07] {/opt/virtualenvs/python3/lib/python3.8/site-packages/urllib3/connectionpool.py:452} DEBUG - https://dumbot.drdum.repl.co:443 "GET / HTTP/1.1" 200 17
[19:09:07] {/home/runner/DumBot/keep_alive.py:27} INFO - Status code: 200
[19:12:21] {/opt/virtualenvs/python3/lib/python3.8/site-packages/urllib3/connectionpool.py:971} DEBUG - Starting new HTTPS connection (1): dumbot.drdum.repl.co:443
[19:12:21] {/opt/virtualenvs/python3/lib/python3.8/site-packages/urllib3/connectionpool.py:452} DEBUG - https://dumbot.drdum.repl.co:443 "GET / HTTP/1.1" 200 17
[19:12:21] {/home/runner/DumBot/keep_alive.py:27} INFO - Status code: 200
[19:15:29] {/opt/virtualenvs/python3/lib/python3.8/site-packages/urllib3/connectionpool.py:971} DEBUG - Starting new HTTPS connection (1): dumbot.drdum.repl.co:443
[19:15:29] {/opt/virtualenvs/python3/lib/python3.8/site-packages/urllib3/connectionpool.py:452} DEBUG - https://dumbot.drdum.repl.co:443 "GET / HTTP/1.1" 200 17
[19:15:29] {/home/runner/DumBot/keep_alive.py:27} INFO - Status code: 200
[19:18:34] {/opt/virtualenvs/python3/lib/python3.8/site-packages/urllib3/connectionpool.py:971} DEBUG - Starting new HTTPS connection (1): dumbot.drdum.repl.co:443
[19:18:35] {/opt/virtualenvs/python3/lib/python3.8/site-packages/urllib3/connectionpool.py:452} DEBUG - https://dumbot.drdum.repl.co:443 "GET / HTTP/1.1" 200 17
[19:18:35] {/home/runner/DumBot/keep_alive.py:27} INFO - Status code: 200
[19:22:04] {/opt/virtualenvs/python3/lib/python3.8/site-packages/urllib3/connectionpool.py:971} DEBUG - Starting new HTTPS connection (1): dumbot.drdum.repl.co:443
[19:22:04] {/opt/virtualenvs/python3/lib/python3.8/site-packages/urllib3/connectionpool.py:452} DEBUG - https://dumbot.drdum.repl.co:443 "GET / HTTP/1.1" 200 17
[19:22:04] {/home/runner/DumBot/keep_alive.py:27} INFO - Status code: 200
[19:26:14] {/opt/virtualenvs/python3/lib/python3.8/site-packages/urllib3/connectionpool.py:971} DEBUG - Starting new HTTPS connection (1): dumbot.drdum.repl.co:443
[19:26:14] {/opt/virtualenvs/python3/lib/python3.8/site-packages/urllib3/connectionpool.py:452} DEBUG - https://dumbot.drdum.repl.co:443 "GET / HTTP/1.1" 200 17
[19:26:14] {/home/runner/DumBot/keep_alive.py:27} INFO - Status code: 200
[19:29:40] {/opt/virtualenvs/python3/lib/python3.8/site-packages/urllib3/connectionpool.py:971} DEBUG - Starting new HTTPS connection (1): dumbot.drdum.repl.co:443
[19:29:40] {/opt/virtualenvs/python3/lib/python3.8/site-packages/urllib3/connectionpool.py:452} DEBUG - https://dumbot.drdum.repl.co:443 "GET / HTTP/1.1" 200 17
[19:29:40] {/home/runner/DumBot/keep_alive.py:27} INFO - Status code: 200
[19:33:39] {/opt/virtualenvs/python3/lib/python3.8/site-packages/urllib3/connectionpool.py:971} DEBUG - Starting new HTTPS connection (1): dumbot.drdum.repl.co:443
[19:33:39] {/opt/virtualenvs/python3/lib/python3.8/site-packages/urllib3/connectionpool.py:452} DEBUG - https://dumbot.drdum.repl.co:443 "GET / HTTP/1.1" 200 17
[19:33:39] {/home/runner/DumBot/keep_alive.py:27} INFO - Status code: 200
[19:38:11] {/opt/virtualenvs/python3/lib/python3.8/site-packages/urllib3/connectionpool.py:971} DEBUG - Starting new HTTPS connection (1): dumbot.drdum.repl.co:443
[19:38:12] {/opt/virtualenvs/python3/lib/python3.8/site-packages/urllib3/connectionpool.py:452} DEBUG - https://dumbot.drdum.repl.co:443 "GET / HTTP/1.1" 200 17
[19:38:12] {/home/runner/DumBot/keep_alive.py:27} INFO - Status code: 200
[19:42:44] {/opt/virtualenvs/python3/lib/python3.8/site-packages/urllib3/connectionpool.py:971} DEBUG - Starting new HTTPS connection (1): dumbot.drdum.repl.co:443
[19:42:44] {/opt/virtualenvs/python3/lib/python3.8/site-packages/urllib3/connectionpool.py:452} DEBUG - https://dumbot.drdum.repl.co:443 "GET / HTTP/1.1" 200 17
[19:42:44] {/home/runner/DumBot/keep_alive.py:27} INFO - Status code: 200
[19:45:54] {/opt/virtualenvs/python3/lib/python3.8/site-packages/urllib3/connectionpool.py:971} DEBUG - Starting new HTTPS connection (1): dumbot.drdum.repl.co:443
[19:45:54] {/opt/virtualenvs/python3/lib/python3.8/site-packages/urllib3/connectionpool.py:452} DEBUG - https://dumbot.drdum.repl.co:443 "GET / HTTP/1.1" 200 17
[19:45:54] {/home/runner/DumBot/keep_alive.py:27} INFO - Status code: 200
[19:50:09] {/opt/virtualenvs/python3/lib/python3.8/site-packages/urllib3/connectionpool.py:971} DEBUG - Starting new HTTPS connection (1): dumbot.drdum.repl.co:443
[19:50:09] {/opt/virtualenvs/python3/lib/python3.8/site-packages/urllib3/connectionpool.py:452} DEBUG - https://dumbot.drdum.repl.co:443 "GET / HTTP/1.1" 200 17
[19:50:09] {/home/runner/DumBot/keep_alive.py:27} INFO - Status code: 200
[19:54:01] {/opt/virtualenvs/python3/lib/python3.8/site-packages/urllib3/connectionpool.py:971} DEBUG - Starting new HTTPS connection (1): dumbot.drdum.repl.co:443
[19:54:01] {/opt/virtualenvs/python3/lib/python3.8/site-packages/urllib3/connectionpool.py:452} DEBUG - https://dumbot.drdum.repl.co:443 "GET / HTTP/1.1" 200 17
[19:54:01] {/home/runner/DumBot/keep_alive.py:27} INFO - Status code: 200
[19:57:10] {/opt/virtualenvs/python3/lib/python3.8/site-packages/urllib3/connectionpool.py:971} DEBUG - Starting new HTTPS connection (1): dumbot.drdum.repl.co:443
[19:57:10] {/opt/virtualenvs/python3/lib/python3.8/site-packages/urllib3/connectionpool.py:452} DEBUG - https://dumbot.drdum.repl.co:443 "GET / HTTP/1.1" 200 17
[19:57:10] {/home/runner/DumBot/keep_alive.py:27} INFO - Status code: 200
[20:01:22] {/opt/virtualenvs/python3/lib/python3.8/site-packages/urllib3/connectionpool.py:971} DEBUG - Starting new HTTPS connection (1): dumbot.drdum.repl.co:443
[20:01:22] {/opt/virtualenvs/python3/lib/python3.8/site-packages/urllib3/connectionpool.py:452} DEBUG - https://dumbot.drdum.repl.co:443 "GET / HTTP/1.1" 200 17
[20:01:22] {/home/runner/DumBot/keep_alive.py:27} INFO - Status code: 200
[20:06:10] {/opt/virtualenvs/python3/lib/python3.8/site-packages/urllib3/connectionpool.py:971} DEBUG - Starting new HTTPS connection (1): dumbot.drdum.repl.co:443
[20:06:10] {/opt/virtualenvs/python3/lib/python3.8/site-packages/urllib3/connectionpool.py:452} DEBUG - https://dumbot.drdum.repl.co:443 "GET / HTTP/1.1" 200 17
[20:06:10] {/home/runner/DumBot/keep_alive.py:27} INFO - Status code: 200
[20:09:14] {/opt/virtualenvs/python3/lib/python3.8/site-packages/urllib3/connectionpool.py:971} DEBUG - Starting new HTTPS connection (1): dumbot.drdum.repl.co:443
[20:09:14] {/opt/virtualenvs/python3/lib/python3.8/site-packages/urllib3/connectionpool.py:452} DEBUG - https://dumbot.drdum.repl.co:443 "GET / HTTP/1.1" 200 17
[20:09:14] {/home/runner/DumBot/keep_alive.py:27} INFO - Status code: 200
[20:13:07] {/opt/virtualenvs/python3/lib/python3.8/site-packages/urllib3/connectionpool.py:971} DEBUG - Starting new HTTPS connection (1): dumbot.drdum.repl.co:443
[20:13:07] {/opt/virtualenvs/python3/lib/python3.8/site-packages/urllib3/connectionpool.py:452} DEBUG - https://dumbot.drdum.repl.co:443 "GET / HTTP/1.1" 200 17
[20:13:07] {/home/runner/DumBot/keep_alive.py:27} INFO - Status code: 200
[20:16:48] {/opt/virtualenvs/python3/lib/python3.8/site-packages/urllib3/connectionpool.py:971} DEBUG - Starting new HTTPS connection (1): dumbot.drdum.repl.co:443
[20:16:48] {/opt/virtualenvs/python3/lib/python3.8/site-packages/urllib3/connectionpool.py:452} DEBUG - https://dumbot.drdum.repl.co:443 "GET / HTTP/1.1" 200 17
[20:16:48] {/home/runner/DumBot/keep_alive.py:27} INFO - Status code: 200
[20:20:43] {/opt/virtualenvs/python3/lib/python3.8/site-packages/urllib3/connectionpool.py:971} DEBUG - Starting new HTTPS connection (1): dumbot.drdum.repl.co:443
[20:20:43] {/opt/virtualenvs/python3/lib/python3.8/site-packages/urllib3/connectionpool.py:452} DEBUG - https://dumbot.drdum.repl.co:443 "GET / HTTP/1.1" 200 17
[20:20:43] {/home/runner/DumBot/keep_alive.py:27} INFO - Status code: 200
[20:25:29] {/opt/virtualenvs/python3/lib/python3.8/site-packages/urllib3/connectionpool.py:971} DEBUG - Starting new HTTPS connection (1): dumbot.drdum.repl.co:443
[20:25:30] {/opt/virtualenvs/python3/lib/python3.8/site-packages/urllib3/connectionpool.py:452} DEBUG - https://dumbot.drdum.repl.co:443 "GET / HTTP/1.1" 200 17
[20:25:30] {/home/runner/DumBot/keep_alive.py:27} INFO - Status code: 200
[20:29:37] {/opt/virtualenvs/python3/lib/python3.8/site-packages/urllib3/connectionpool.py:971} DEBUG - Starting new HTTPS connection (1): dumbot.drdum.repl.co:443
[20:29:37] {/opt/virtualenvs/python3/lib/python3.8/site-packages/urllib3/connectionpool.py:452} DEBUG - https://dumbot.drdum.repl.co:443 "GET / HTTP/1.1" 200 17
[20:29:37] {/home/runner/DumBot/keep_alive.py:27} INFO - Status code: 200
[20:33:03] {/opt/virtualenvs/python3/lib/python3.8/site-packages/urllib3/connectionpool.py:971} DEBUG - Starting new HTTPS connection (1): dumbot.drdum.repl.co:443
[20:33:03] {/opt/virtualenvs/python3/lib/python3.8/site-packages/urllib3/connectionpool.py:452} DEBUG - https://dumbot.drdum.repl.co:443 "GET / HTTP/1.1" 200 17
[20:33:03] {/home/runner/DumBot/keep_alive.py:27} INFO - Status code: 200
[20:37:57] {/opt/virtualenvs/python3/lib/python3.8/site-packages/urllib3/connectionpool.py:971} DEBUG - Starting new HTTPS connection (1): dumbot.drdum.repl.co:443
[20:37:57] {/opt/virtualenvs/python3/lib/python3.8/site-packages/urllib3/connectionpool.py:452} DEBUG - https://dumbot.drdum.repl.co:443 "GET / HTTP/1.1" 200 17
[20:37:57] {/home/runner/DumBot/keep_alive.py:27} INFO - Status code: 200
[20:42:57] {/opt/virtualenvs/python3/lib/python3.8/site-packages/urllib3/connectionpool.py:971} DEBUG - Starting new HTTPS connection (1): dumbot.drdum.repl.co:443
[20:42:57] {/opt/virtualenvs/python3/lib/python3.8/site-packages/urllib3/connectionpool.py:452} DEBUG - https://dumbot.drdum.repl.co:443 "GET / HTTP/1.1" 200 17
[20:42:57] {/home/runner/DumBot/keep_alive.py:27} INFO - Status code: 200
[20:46:50] {/opt/virtualenvs/python3/lib/python3.8/site-packages/urllib3/connectionpool.py:971} DEBUG - Starting new HTTPS connection (1): dumbot.drdum.repl.co:443
[20:46:51] {/opt/virtualenvs/python3/lib/python3.8/site-packages/urllib3/connectionpool.py:452} DEBUG - https://dumbot.drdum.repl.co:443 "GET / HTTP/1.1" 200 17
[20:46:51] {/home/runner/DumBot/keep_alive.py:27} INFO - Status code: 200
[20:50:42] {/opt/virtualenvs/python3/lib/python3.8/site-packages/urllib3/connectionpool.py:971} DEBUG - Starting new HTTPS connection (1): dumbot.drdum.repl.co:443
[20:50:42] {/opt/virtualenvs/python3/lib/python3.8/site-packages/urllib3/connectionpool.py:452} DEBUG - https://dumbot.drdum.repl.co:443 "GET / HTTP/1.1" 200 17
[20:50:42] {/home/runner/DumBot/keep_alive.py:27} INFO - Status code: 200
[20:55:19] {/opt/virtualenvs/python3/lib/python3.8/site-packages/urllib3/connectionpool.py:971} DEBUG - Starting new HTTPS connection (1): dumbot.drdum.repl.co:443
[20:55:19] {/opt/virtualenvs/python3/lib/python3.8/site-packages/urllib3/connectionpool.py:452} DEBUG - https://dumbot.drdum.repl.co:443 "GET / HTTP/1.1" 200 17
[20:55:19] {/home/runner/DumBot/keep_alive.py:27} INFO - Status code: 200
[20:58:48] {/opt/virtualenvs/python3/lib/python3.8/site-packages/urllib3/connectionpool.py:971} DEBUG - Starting new HTTPS connection (1): dumbot.drdum.repl.co:443
[20:58:48] {/opt/virtualenvs/python3/lib/python3.8/site-packages/urllib3/connectionpool.py:452} DEBUG - https://dumbot.drdum.repl.co:443 "GET / HTTP/1.1" 200 17
[20:58:48] {/home/runner/DumBot/keep_alive.py:27} INFO - Status code: 200
[21:01:51] {/opt/virtualenvs/python3/lib/python3.8/site-packages/urllib3/connectionpool.py:971} DEBUG - Starting new HTTPS connection (1): dumbot.drdum.repl.co:443
[21:01:51] {/opt/virtualenvs/python3/lib/python3.8/site-packages/urllib3/connectionpool.py:452} DEBUG - https://dumbot.drdum.repl.co:443 "GET / HTTP/1.1" 200 17
[21:01:52] {/home/runner/DumBot/keep_alive.py:27} INFO - Status code: 200
[21:06:14] {/opt/virtualenvs/python3/lib/python3.8/site-packages/urllib3/connectionpool.py:971} DEBUG - Starting new HTTPS connection (1): dumbot.drdum.repl.co:443
[21:06:14] {/opt/virtualenvs/python3/lib/python3.8/site-packages/urllib3/connectionpool.py:452} DEBUG - https://dumbot.drdum.repl.co:443 "GET / HTTP/1.1" 200 17
[21:06:14] {/home/runner/DumBot/keep_alive.py:27} INFO - Status code: 200
[21:11:12] {/opt/virtualenvs/python3/lib/python3.8/site-packages/urllib3/connectionpool.py:971} DEBUG - Starting new HTTPS connection (1): dumbot.drdum.repl.co:443
[21:11:12] {/opt/virtualenvs/python3/lib/python3.8/site-packages/urllib3/connectionpool.py:452} DEBUG - https://dumbot.drdum.repl.co:443 "GET / HTTP/1.1" 200 17
[21:11:12] {/home/runner/DumBot/keep_alive.py:27} INFO - Status code: 200
[21:14:39] {/opt/virtualenvs/python3/lib/python3.8/site-packages/urllib3/connectionpool.py:971} DEBUG - Starting new HTTPS connection (1): dumbot.drdum.repl.co:443
[21:14:39] {/opt/virtualenvs/python3/lib/python3.8/site-packages/urllib3/connectionpool.py:452} DEBUG - https://dumbot.drdum.repl.co:443 "GET / HTTP/1.1" 200 17
[21:14:39] {/home/runner/DumBot/keep_alive.py:27} INFO - Status code: 200
[21:18:25] {/opt/virtualenvs/python3/lib/python3.8/site-packages/urllib3/connectionpool.py:971} DEBUG - Starting new HTTPS connection (1): dumbot.drdum.repl.co:443
[21:18:25] {/opt/virtualenvs/python3/lib/python3.8/site-packages/urllib3/connectionpool.py:452} DEBUG - https://dumbot.drdum.repl.co:443 "GET / HTTP/1.1" 200 17
[21:18:25] {/home/runner/DumBot/keep_alive.py:27} INFO - Status code: 200
[21:23:21] {/opt/virtualenvs/python3/lib/python3.8/site-packages/urllib3/connectionpool.py:971} DEBUG - Starting new HTTPS connection (1): dumbot.drdum.repl.co:443
[21:23:21] {/opt/virtualenvs/python3/lib/python3.8/site-packages/urllib3/connectionpool.py:452} DEBUG - https://dumbot.drdum.repl.co:443 "GET / HTTP/1.1" 200 17
[21:23:21] {/home/runner/DumBot/keep_alive.py:27} INFO - Status code: 200
[21:26:21] {/opt/virtualenvs/python3/lib/python3.8/site-packages/urllib3/connectionpool.py:971} DEBUG - Starting new HTTPS connection (1): dumbot.drdum.repl.co:443
[21:26:21] {/opt/virtualenvs/python3/lib/python3.8/site-packages/urllib3/connectionpool.py:452} DEBUG - https://dumbot.drdum.repl.co:443 "GET / HTTP/1.1" 200 17
[21:26:21] {/home/runner/DumBot/keep_alive.py:27} INFO - Status code: 200
[21:30:19] {/opt/virtualenvs/python3/lib/python3.8/site-packages/urllib3/connectionpool.py:971} DEBUG - Starting new HTTPS connection (1): dumbot.drdum.repl.co:443
[21:30:19] {/opt/virtualenvs/python3/lib/python3.8/site-packages/urllib3/connectionpool.py:452} DEBUG - https://dumbot.drdum.repl.co:443 "GET / HTTP/1.1" 200 17
[21:30:19] {/home/runner/DumBot/keep_alive.py:27} INFO - Status code: 200
[21:33:24] {/opt/virtualenvs/python3/lib/python3.8/site-packages/urllib3/connectionpool.py:971} DEBUG - Starting new HTTPS connection (1): dumbot.drdum.repl.co:443
[21:33:25] {/opt/virtualenvs/python3/lib/python3.8/site-packages/urllib3/connectionpool.py:452} DEBUG - https://dumbot.drdum.repl.co:443 "GET / HTTP/1.1" 200 17
[21:33:25] {/home/runner/DumBot/keep_alive.py:27} INFO - Status code: 200
[21:37:24] {/opt/virtualenvs/python3/lib/python3.8/site-packages/urllib3/connectionpool.py:971} DEBUG - Starting new HTTPS connection (1): dumbot.drdum.repl.co:443
[21:37:24] {/opt/virtualenvs/python3/lib/python3.8/site-packages/urllib3/connectionpool.py:452} DEBUG - https://dumbot.drdum.repl.co:443 "GET / HTTP/1.1" 200 17
[21:37:24] {/home/runner/DumBot/keep_alive.py:27} INFO - Status code: 200
[21:40:55] {/opt/virtualenvs/python3/lib/python3.8/site-packages/urllib3/connectionpool.py:971} DEBUG - Starting new HTTPS connection (1): dumbot.drdum.repl.co:443
[21:40:56] {/opt/virtualenvs/python3/lib/python3.8/site-packages/urllib3/connectionpool.py:452} DEBUG - https://dumbot.drdum.repl.co:443 "GET / HTTP/1.1" 200 17
[21:40:56] {/home/runner/DumBot/keep_alive.py:27} INFO - Status code: 200
[21:45:24] {/opt/virtualenvs/python3/lib/python3.8/site-packages/urllib3/connectionpool.py:971} DEBUG - Starting new HTTPS connection (1): dumbot.drdum.repl.co:443
[21:45:24] {/opt/virtualenvs/python3/lib/python3.8/site-packages/urllib3/connectionpool.py:452} DEBUG - https://dumbot.drdum.repl.co:443 "GET / HTTP/1.1" 200 17
[21:45:24] {/home/runner/DumBot/keep_alive.py:27} INFO - Status code: 200
[21:49:34] {/opt/virtualenvs/python3/lib/python3.8/site-packages/urllib3/connectionpool.py:971} DEBUG - Starting new HTTPS connection (1): dumbot.drdum.repl.co:443
[21:49:34] {/opt/virtualenvs/python3/lib/python3.8/site-packages/urllib3/connectionpool.py:452} DEBUG - https://dumbot.drdum.repl.co:443 "GET / HTTP/1.1" 200 17
[21:49:34] {/home/runner/DumBot/keep_alive.py:27} INFO - Status code: 200
[21:54:30] {/opt/virtualenvs/python3/lib/python3.8/site-packages/urllib3/connectionpool.py:971} DEBUG - Starting new HTTPS connection (1): dumbot.drdum.repl.co:443
[21:54:30] {/opt/virtualenvs/python3/lib/python3.8/site-packages/urllib3/connectionpool.py:452} DEBUG - https://dumbot.drdum.repl.co:443 "GET / HTTP/1.1" 200 17
[21:54:30] {/home/runner/DumBot/keep_alive.py:27} INFO - Status code: 200
[21:58:48] {/opt/virtualenvs/python3/lib/python3.8/site-packages/urllib3/connectionpool.py:971} DEBUG - Starting new HTTPS connection (1): dumbot.drdum.repl.co:443
[21:58:48] {/opt/virtualenvs/python3/lib/python3.8/site-packages/urllib3/connectionpool.py:452} DEBUG - https://dumbot.drdum.repl.co:443 "GET / HTTP/1.1" 200 17
[21:58:48] {/home/runner/DumBot/keep_alive.py:27} INFO - Status code: 200
[22:02:26] {/opt/virtualenvs/python3/lib/python3.8/site-packages/urllib3/connectionpool.py:971} DEBUG - Starting new HTTPS connection (1): dumbot.drdum.repl.co:443
[22:02:27] {/opt/virtualenvs/python3/lib/python3.8/site-packages/urllib3/connectionpool.py:452} DEBUG - https://dumbot.drdum.repl.co:443 "GET / HTTP/1.1" 200 17
[22:02:27] {/home/runner/DumBot/keep_alive.py:27} INFO - Status code: 200
[22:06:59] {/opt/virtualenvs/python3/lib/python3.8/site-packages/urllib3/connectionpool.py:971} DEBUG - Starting new HTTPS connection (1): dumbot.drdum.repl.co:443
[22:06:59] {/opt/virtualenvs/python3/lib/python3.8/site-packages/urllib3/connectionpool.py:452} DEBUG - https://dumbot.drdum.repl.co:443 "GET / HTTP/1.1" 200 17
[22:06:59] {/home/runner/DumBot/keep_alive.py:27} INFO - Status code: 200
[22:11:34] {/opt/virtualenvs/python3/lib/python3.8/site-packages/urllib3/connectionpool.py:971} DEBUG - Starting new HTTPS connection (1): dumbot.drdum.repl.co:443
[22:11:34] {/opt/virtualenvs/python3/lib/python3.8/site-packages/urllib3/connectionpool.py:452} DEBUG - https://dumbot.drdum.repl.co:443 "GET / HTTP/1.1" 200 17
[22:11:34] {/home/runner/DumBot/keep_alive.py:27} INFO - Status code: 200
[22:15:49] {/opt/virtualenvs/python3/lib/python3.8/site-packages/urllib3/connectionpool.py:971} DEBUG - Starting new HTTPS connection (1): dumbot.drdum.repl.co:443
[22:15:49] {/opt/virtualenvs/python3/lib/python3.8/site-packages/urllib3/connectionpool.py:452} DEBUG - https://dumbot.drdum.repl.co:443 "GET / HTTP/1.1" 200 17
[22:15:49] {/home/runner/DumBot/keep_alive.py:27} INFO - Status code: 200
[22:20:02] {/opt/virtualenvs/python3/lib/python3.8/site-packages/urllib3/connectionpool.py:971} DEBUG - Starting new HTTPS connection (1): dumbot.drdum.repl.co:443
[22:20:02] {/opt/virtualenvs/python3/lib/python3.8/site-packages/urllib3/connectionpool.py:452} DEBUG - https://dumbot.drdum.repl.co:443 "GET / HTTP/1.1" 200 17
[22:20:02] {/home/runner/DumBot/keep_alive.py:27} INFO - Status code: 200
[22:24:25] {/opt/virtualenvs/python3/lib/python3.8/site-packages/urllib3/connectionpool.py:971} DEBUG - Starting new HTTPS connection (1): dumbot.drdum.repl.co:443
[22:24:26] {/opt/virtualenvs/python3/lib/python3.8/site-packages/urllib3/connectionpool.py:452} DEBUG - https://dumbot.drdum.repl.co:443 "GET / HTTP/1.1" 200 17
[22:24:26] {/home/runner/DumBot/keep_alive.py:27} INFO - Status code: 200
[22:29:25] {/opt/virtualenvs/python3/lib/python3.8/site-packages/urllib3/connectionpool.py:971} DEBUG - Starting new HTTPS connection (1): dumbot.drdum.repl.co:443
[22:29:25] {/opt/virtualenvs/python3/lib/python3.8/site-packages/urllib3/connectionpool.py:452} DEBUG - https://dumbot.drdum.repl.co:443 "GET / HTTP/1.1" 200 17
[22:29:25] {/home/runner/DumBot/keep_alive.py:27} INFO - Status code: 200
[22:33:50] {/opt/virtualenvs/python3/lib/python3.8/site-packages/urllib3/connectionpool.py:971} DEBUG - Starting new HTTPS connection (1): dumbot.drdum.repl.co:443
[22:33:50] {/opt/virtualenvs/python3/lib/python3.8/site-packages/urllib3/connectionpool.py:452} DEBUG - https://dumbot.drdum.repl.co:443 "GET / HTTP/1.1" 200 17
[22:33:50] {/home/runner/DumBot/keep_alive.py:27} INFO - Status code: 200
[22:38:03] {/opt/virtualenvs/python3/lib/python3.8/site-packages/urllib3/connectionpool.py:971} DEBUG - Starting new HTTPS connection (1): dumbot.drdum.repl.co:443
[22:38:03] {/opt/virtualenvs/python3/lib/python3.8/site-packages/urllib3/connectionpool.py:452} DEBUG - https://dumbot.drdum.repl.co:443 "GET / HTTP/1.1" 200 17
[22:38:03] {/home/runner/DumBot/keep_alive.py:27} INFO - Status code: 200
[22:42:16] {/opt/virtualenvs/python3/lib/python3.8/site-packages/urllib3/connectionpool.py:971} DEBUG - Starting new HTTPS connection (1): dumbot.drdum.repl.co:443
[22:42:16] {/opt/virtualenvs/python3/lib/python3.8/site-packages/urllib3/connectionpool.py:452} DEBUG - https://dumbot.drdum.repl.co:443 "GET / HTTP/1.1" 200 17
[22:42:16] {/home/runner/DumBot/keep_alive.py:27} INFO - Status code: 200
[22:45:19] {/opt/virtualenvs/python3/lib/python3.8/site-packages/urllib3/connectionpool.py:971} DEBUG - Starting new HTTPS connection (1): dumbot.drdum.repl.co:443
[22:45:20] {/opt/virtualenvs/python3/lib/python3.8/site-packages/urllib3/connectionpool.py:452} DEBUG - https://dumbot.drdum.repl.co:443 "GET / HTTP/1.1" 200 17
[22:45:20] {/home/runner/DumBot/keep_alive.py:27} INFO - Status code: 200
[22:49:55] {/opt/virtualenvs/python3/lib/python3.8/site-packages/urllib3/connectionpool.py:971} DEBUG - Starting new HTTPS connection (1): dumbot.drdum.repl.co:443
[22:49:55] {/opt/virtualenvs/python3/lib/python3.8/site-packages/urllib3/connectionpool.py:452} DEBUG - https://dumbot.drdum.repl.co:443 "GET / HTTP/1.1" 200 17
[22:49:55] {/home/runner/DumBot/keep_alive.py:27} INFO - Status code: 200
[22:54:27] {/opt/virtualenvs/python3/lib/python3.8/site-packages/urllib3/connectionpool.py:971} DEBUG - Starting new HTTPS connection (1): dumbot.drdum.repl.co:443
[22:54:27] {/opt/virtualenvs/python3/lib/python3.8/site-packages/urllib3/connectionpool.py:452} DEBUG - https://dumbot.drdum.repl.co:443 "GET / HTTP/1.1" 200 17
[22:54:27] {/home/runner/DumBot/keep_alive.py:27} INFO - Status code: 200
[22:57:53] {/opt/virtualenvs/python3/lib/python3.8/site-packages/urllib3/connectionpool.py:971} DEBUG - Starting new HTTPS connection (1): dumbot.drdum.repl.co:443
[22:57:53] {/opt/virtualenvs/python3/lib/python3.8/site-packages/urllib3/connectionpool.py:452} DEBUG - https://dumbot.drdum.repl.co:443 "GET / HTTP/1.1" 200 17
[22:57:53] {/home/runner/DumBot/keep_alive.py:27} INFO - Status code: 200
[23:01:05] {/opt/virtualenvs/python3/lib/python3.8/site-packages/urllib3/connectionpool.py:971} DEBUG - Starting new HTTPS connection (1): dumbot.drdum.repl.co:443
[23:01:05] {/opt/virtualenvs/python3/lib/python3.8/site-packages/urllib3/connectionpool.py:452} DEBUG - https://dumbot.drdum.repl.co:443 "GET / HTTP/1.1" 200 17
[23:01:05] {/home/runner/DumBot/keep_alive.py:27} INFO - Status code: 200
[23:04:36] {/opt/virtualenvs/python3/lib/python3.8/site-packages/urllib3/connectionpool.py:971} DEBUG - Starting new HTTPS connection (1): dumbot.drdum.repl.co:443
[23:04:37] {/opt/virtualenvs/python3/lib/python3.8/site-packages/urllib3/connectionpool.py:452} DEBUG - https://dumbot.drdum.repl.co:443 "GET / HTTP/1.1" 200 17
[23:04:37] {/home/runner/DumBot/keep_alive.py:27} INFO - Status code: 200
[23:07:58] {/opt/virtualenvs/python3/lib/python3.8/site-packages/urllib3/connectionpool.py:971} DEBUG - Starting new HTTPS connection (1): dumbot.drdum.repl.co:443
[23:07:58] {/opt/virtualenvs/python3/lib/python3.8/site-packages/urllib3/connectionpool.py:452} DEBUG - https://dumbot.drdum.repl.co:443 "GET / HTTP/1.1" 200 17
[23:07:58] {/home/runner/DumBot/keep_alive.py:27} INFO - Status code: 200
[23:11:14] {/opt/virtualenvs/python3/lib/python3.8/site-packages/urllib3/connectionpool.py:971} DEBUG - Starting new HTTPS connection (1): dumbot.drdum.repl.co:443
[23:11:14] {/opt/virtualenvs/python3/lib/python3.8/site-packages/urllib3/connectionpool.py:452} DEBUG - https://dumbot.drdum.repl.co:443 "GET / HTTP/1.1" 200 17
[23:11:14] {/home/runner/DumBot/keep_alive.py:27} INFO - Status code: 200
[23:15:29] {/opt/virtualenvs/python3/lib/python3.8/site-packages/urllib3/connectionpool.py:971} DEBUG - Starting new HTTPS connection (1): dumbot.drdum.repl.co:443
[23:15:29] {/opt/virtualenvs/python3/lib/python3.8/site-packages/urllib3/connectionpool.py:452} DEBUG - https://dumbot.drdum.repl.co:443 "GET / HTTP/1.1" 200 17
[23:15:29] {/home/runner/DumBot/keep_alive.py:27} INFO - Status code: 200
[23:19:45] {/opt/virtualenvs/python3/lib/python3.8/site-packages/urllib3/connectionpool.py:971} DEBUG - Starting new HTTPS connection (1): dumbot.drdum.repl.co:443
[23:19:45] {/opt/virtualenvs/python3/lib/python3.8/site-packages/urllib3/connectionpool.py:452} DEBUG - https://dumbot.drdum.repl.co:443 "GET / HTTP/1.1" 200 17
[23:19:45] {/home/runner/DumBot/keep_alive.py:27} INFO - Status code: 200
[23:24:13] {/opt/virtualenvs/python3/lib/python3.8/site-packages/urllib3/connectionpool.py:971} DEBUG - Starting new HTTPS connection (1): dumbot.drdum.repl.co:443
[23:24:14] {/opt/virtualenvs/python3/lib/python3.8/site-packages/urllib3/connectionpool.py:452} DEBUG - https://dumbot.drdum.repl.co:443 "GET / HTTP/1.1" 200 17
[23:24:14] {/home/runner/DumBot/keep_alive.py:27} INFO - Status code: 200
[23:27:57] {/opt/virtualenvs/python3/lib/python3.8/site-packages/urllib3/connectionpool.py:971} DEBUG - Starting new HTTPS connection (1): dumbot.drdum.repl.co:443
[23:27:57] {/opt/virtualenvs/python3/lib/python3.8/site-packages/urllib3/connectionpool.py:452} DEBUG - https://dumbot.drdum.repl.co:443 "GET / HTTP/1.1" 200 17
[23:27:57] {/home/runner/DumBot/keep_alive.py:27} INFO - Status code: 200
[23:31:54] {/opt/virtualenvs/python3/lib/python3.8/site-packages/urllib3/connectionpool.py:971} DEBUG - Starting new HTTPS connection (1): dumbot.drdum.repl.co:443
[23:31:54] {/opt/virtualenvs/python3/lib/python3.8/site-packages/urllib3/connectionpool.py:452} DEBUG - https://dumbot.drdum.repl.co:443 "GET / HTTP/1.1" 200 17
[23:31:54] {/home/runner/DumBot/keep_alive.py:27} INFO - Status code: 200
[23:35:11] {/opt/virtualenvs/python3/lib/python3.8/site-packages/urllib3/connectionpool.py:971} DEBUG - Starting new HTTPS connection (1): dumbot.drdum.repl.co:443
[23:35:11] {/opt/virtualenvs/python3/lib/python3.8/site-packages/urllib3/connectionpool.py:452} DEBUG - https://dumbot.drdum.repl.co:443 "GET / HTTP/1.1" 200 17
[23:35:11] {/home/runner/DumBot/keep_alive.py:27} INFO - Status code: 200
[23:38:16] {/opt/virtualenvs/python3/lib/python3.8/site-packages/urllib3/connectionpool.py:971} DEBUG - Starting new HTTPS connection (1): dumbot.drdum.repl.co:443
[23:38:16] {/opt/virtualenvs/python3/lib/python3.8/site-packages/urllib3/connectionpool.py:452} DEBUG - https://dumbot.drdum.repl.co:443 "GET / HTTP/1.1" 200 17
[23:38:16] {/home/runner/DumBot/keep_alive.py:27} INFO - Status code: 200
[23:42:23] {/opt/virtualenvs/python3/lib/python3.8/site-packages/urllib3/connectionpool.py:971} DEBUG - Starting new HTTPS connection (1): dumbot.drdum.repl.co:443
[23:42:23] {/opt/virtualenvs/python3/lib/python3.8/site-packages/urllib3/connectionpool.py:452} DEBUG - https://dumbot.drdum.repl.co:443 "GET / HTTP/1.1" 200 17
[23:42:23] {/home/runner/DumBot/keep_alive.py:27} INFO - Status code: 200
[23:46:15] {/opt/virtualenvs/python3/lib/python3.8/site-packages/urllib3/connectionpool.py:971} DEBUG - Starting new HTTPS connection (1): dumbot.drdum.repl.co:443
[23:46:15] {/opt/virtualenvs/python3/lib/python3.8/site-packages/urllib3/connectionpool.py:452} DEBUG - https://dumbot.drdum.repl.co:443 "GET / HTTP/1.1" 200 17
[23:46:15] {/home/runner/DumBot/keep_alive.py:27} INFO - Status code: 200
[23:50:14] {/opt/virtualenvs/python3/lib/python3.8/site-packages/urllib3/connectionpool.py:971} DEBUG - Starting new HTTPS connection (1): dumbot.drdum.repl.co:443
[23:50:14] {/opt/virtualenvs/python3/lib/python3.8/site-packages/urllib3/connectionpool.py:452} DEBUG - https://dumbot.drdum.repl.co:443 "GET / HTTP/1.1" 200 17
[23:50:14] {/home/runner/DumBot/keep_alive.py:27} INFO - Status code: 200
[23:53:49] {/opt/virtualenvs/python3/lib/python3.8/site-packages/urllib3/connectionpool.py:971} DEBUG - Starting new HTTPS connection (1): dumbot.drdum.repl.co:443
[23:53:49] {/opt/virtualenvs/python3/lib/python3.8/site-packages/urllib3/connectionpool.py:452} DEBUG - https://dumbot.drdum.repl.co:443 "GET / HTTP/1.1" 200 17
[23:53:49] {/home/runner/DumBot/keep_alive.py:27} INFO - Status code: 200
[23:58:25] {/opt/virtualenvs/python3/lib/python3.8/site-packages/urllib3/connectionpool.py:971} DEBUG - Starting new HTTPS connection (1): dumbot.drdum.repl.co:443
[23:58:25] {/opt/virtualenvs/python3/lib/python3.8/site-packages/urllib3/connectionpool.py:452} DEBUG - https://dumbot.drdum.repl.co:443 "GET / HTTP/1.1" 200 17
[23:58:25] {/home/runner/DumBot/keep_alive.py:27} INFO - Status code: 200
[00:02:05] {/opt/virtualenvs/python3/lib/python3.8/site-packages/urllib3/connectionpool.py:971} DEBUG - Starting new HTTPS connection (1): dumbot.drdum.repl.co:443
[00:02:05] {/opt/virtualenvs/python3/lib/python3.8/site-packages/urllib3/connectionpool.py:452} DEBUG - https://dumbot.drdum.repl.co:443 "GET / HTTP/1.1" 200 17
[00:02:05] {/home/runner/DumBot/keep_alive.py:27} INFO - Status code: 200
[00:06:09] {/opt/virtualenvs/python3/lib/python3.8/site-packages/urllib3/connectionpool.py:971} DEBUG - Starting new HTTPS connection (1): dumbot.drdum.repl.co:443
